<?xml version="1.0" encoding="UTF-8"?>
<!-- Generated by org.testng.reporters.JUnitReportReporter -->
<testsuite hostname="Srimathy" failures="0" tests="1" name="WebElements.CheckBox" time="9.099" errors="0" timestamp="2024-09-06T12:40:57 IST" skipped="0">
  <testcase classname="WebElements.CheckBox" name="check" time="9.099"/>
</testsuite> <!-- WebElements.CheckBox -->
