<?xml version="1.0" encoding="UTF-8"?>
<!-- Generated by org.testng.reporters.JUnitReportReporter -->
<testsuite hostname="Srimathy" failures="0" tests="1" name="TestNgSample1.TCRemotePush" time="3.669" errors="0" timestamp="2024-09-16T12:52:08 IST" skipped="0">
  <testcase classname="TestNgSample1.TCRemotePush" name="openapp" time="3.669"/>
</testsuite> <!-- TestNgSample1.TCRemotePush -->
