<?xml version="1.0" encoding="UTF-8"?>
<!-- Generated by org.testng.reporters.JUnitReportReporter -->
<testsuite hostname="Srimathy" failures="0" tests="1" name="WebDriverMethods.NavigateMethods" time="14.209" errors="0" timestamp="2024-09-06T11:19:47 IST" skipped="0">
  <testcase classname="WebDriverMethods.NavigateMethods" name="nav" time="14.209"/>
</testsuite> <!-- WebDriverMethods.NavigateMethods -->
