<?xml version="1.0" encoding="UTF-8"?>
<!-- Generated by org.testng.reporters.JUnitReportReporter -->
<testsuite hostname="Srimathy" failures="0" tests="3" name="FirstSelenium.TestNgTC1" time="0.013" errors="0" timestamp="2024-08-23T11:42:51 IST" skipped="0">
  <testcase classname="FirstSelenium.TestNgTC1" name="Closeapp" time="0.011"/>
  <testcase classname="FirstSelenium.TestNgTC1" name="Login" time="0.000"/>
  <testcase classname="FirstSelenium.TestNgTC1" name="Openapp" time="0.002"/>
</testsuite> <!-- FirstSelenium.TestNgTC1 -->
