<?xml version="1.0" encoding="UTF-8"?>
<!-- Generated by org.testng.reporters.JUnitReportReporter -->
<testsuite hostname="Srimathy" failures="0" tests="1" name="FirstTestNg.CSSLocator" time="7.177" errors="0" timestamp="2024-08-24T20:39:46 IST" skipped="0">
  <testcase classname="FirstTestNg.CSSLocator" name="CSS" time="7.177"/>
</testsuite> <!-- FirstTestNg.CSSLocator -->
