<?xml version="1.0" encoding="UTF-8"?>
<!-- Generated by org.testng.reporters.JUnitReportReporter -->
<testsuite hostname="Srimathy" failures="0" tests="1" name="FirstTestNg.LocatorTypes" time="1.481" errors="0" timestamp="2024-08-24T17:39:25 IST" skipped="0">
  <testcase classname="FirstTestNg.LocatorTypes" name="Locate" time="1.481"/>
</testsuite> <!-- FirstTestNg.LocatorTypes -->
