<?xml version="1.0" encoding="UTF-8"?>
<!-- Generated by org.testng.reporters.JUnitReportReporter -->
<testsuite hostname="Srimathy" failures="0" tests="3" name="TestNgSample1.TC1" time="7.386" errors="0" timestamp="2024-09-16T12:52:08 IST" skipped="0">
  <testcase classname="TestNgSample1.TC1" name="Openapp" time="4.715"/>
  <testcase classname="TestNgSample1.TC1" name="Login" time="2.474"/>
  <testcase classname="TestNgSample1.TC1" name="Closeapp" time="0.197"/>
</testsuite> <!-- TestNgSample1.TC1 -->
