<?xml version="1.0" encoding="UTF-8"?>
<!-- Generated by org.testng.reporters.JUnitReportReporter -->
<testsuite hostname="Srimathy" failures="0" tests="1" name="WebElements.MouseActions" time="3.612" errors="0" timestamp="2024-09-10T12:49:02 IST" skipped="0">
  <testcase classname="WebElements.MouseActions" name="drag" time="3.612"/>
</testsuite> <!-- WebElements.MouseActions -->
