<?xml version="1.0" encoding="UTF-8"?>
<!-- Generated by org.testng.reporters.JUnitReportReporter -->
<testsuite hostname="Srimathy" failures="0" tests="1" name="WebElements.KeyBoardActions" time="31.348" errors="0" timestamp="2024-09-10T14:02:07 IST" skipped="0">
  <testcase classname="WebElements.KeyBoardActions" name="keyboard" time="31.348"/>
</testsuite> <!-- WebElements.KeyBoardActions -->
