<?xml version="1.0" encoding="UTF-8"?>
<!-- Generated by org.testng.reporters.JUnitReportReporter -->
<testsuite hostname="Srimathy" failures="0" tests="1" name="WebElements.AlertsOrPopups" time="6.133" errors="0" timestamp="2024-09-06T13:23:40 IST" skipped="0">
  <testcase classname="WebElements.AlertsOrPopups" name="alert" time="6.133"/>
</testsuite> <!-- WebElements.AlertsOrPopups -->
