<?xml version="1.0" encoding="UTF-8"?>
<!-- Generated by org.testng.reporters.JUnitReportReporter -->
<testsuite hostname="Srimathy" failures="0" tests="1" name="WebDriverMethods.GetMethods" time="8.827" errors="0" timestamp="2024-09-04T09:38:08 IST" skipped="0">
  <testcase classname="WebDriverMethods.GetMethods" name="get" time="8.827"/>
</testsuite> <!-- WebDriverMethods.GetMethods -->
