<?xml version="1.0" encoding="UTF-8"?>
<!-- Generated by org.testng.reporters.JUnitReportReporter -->
<testsuite hostname="Srimathy" failures="0" tests="1" name="FirstTestNg.RelativeXPATH" time="1.784" errors="0" timestamp="2024-08-26T09:17:34 IST" skipped="0">
  <testcase classname="FirstTestNg.RelativeXPATH" name="RelXpath" time="1.784"/>
</testsuite> <!-- FirstTestNg.RelativeXPATH -->
