<?xml version="1.0" encoding="UTF-8"?>
<!-- Generated by org.testng.reporters.JUnitReportReporter -->
<testsuite hostname="Srimathy" failures="0" tests="1" name="WebElements.JavaScriptExecuto" time="10.045" errors="0" timestamp="2024-09-13T12:43:50 IST" skipped="0">
  <testcase classname="WebElements.JavaScriptExecuto" name="JavScriptExec" time="10.045"/>
</testsuite> <!-- WebElements.JavaScriptExecuto -->
