<?xml version="1.0" encoding="UTF-8"?>
<!-- Generated by org.testng.reporters.JUnitReportReporter -->
<testsuite hostname="Srimathy" failures="0" tests="1" name="WebElements.iFrames" time="8.629" errors="0" timestamp="2024-09-07T16:29:45 IST" skipped="0">
  <testcase classname="WebElements.iFrames" name="fram" time="8.629"/>
</testsuite> <!-- WebElements.iFrames -->
