<?xml version="1.0" encoding="UTF-8"?>
<!-- Generated by org.testng.reporters.JUnitReportReporter -->
<testsuite hostname="Srimathy" failures="0" tests="1" name="FirstTestNg.BasicLocators" time="3.554" errors="0" timestamp="2024-09-02T15:08:00 IST" skipped="0">
  <testcase classname="FirstTestNg.BasicLocators" name="Locate" time="3.554"/>
</testsuite> <!-- FirstTestNg.BasicLocators -->
