<?xml version="1.0" encoding="UTF-8"?>
<!-- Generated by org.testng.reporters.JUnitReportReporter -->
<testsuite hostname="Srimathy" failures="0" tests="1" name="FirstTestNg.TC2" time="2.166" errors="0" timestamp="2024-08-23T16:11:16 IST" skipped="0">
  <testcase classname="FirstTestNg.TC2" name="openapp" time="2.166"/>
</testsuite> <!-- FirstTestNg.TC2 -->
