<?xml version="1.0" encoding="UTF-8"?>
<!-- Generated by org.testng.reporters.JUnitReportReporter -->
<testsuite hostname="Srimathy" failures="0" tests="1" name="WebDriverMethods.ConditionalMethods" time="8.491" errors="0" timestamp="2024-09-04T09:17:11 IST" skipped="0">
  <testcase classname="WebDriverMethods.ConditionalMethods" name="cond" time="8.491"/>
</testsuite> <!-- WebDriverMethods.ConditionalMethods -->
