<?xml version="1.0" encoding="UTF-8"?>
<!-- Generated by org.testng.reporters.JUnitReportReporter -->
<testsuite hostname="Srimathy" failures="0" tests="1" name="WebDriverMethods.BrowserMethods" time="19.938" errors="0" timestamp="2024-09-04T09:33:14 IST" skipped="0">
  <testcase classname="WebDriverMethods.BrowserMethods" name="browser" time="19.938"/>
</testsuite> <!-- WebDriverMethods.BrowserMethods -->
