<?xml version="1.0" encoding="UTF-8"?>
<!-- Generated by org.testng.reporters.JUnitReportReporter -->
<testsuite hostname="Srimathy" failures="0" tests="1" name="WebElements.FileUpload" time="2.045" errors="0" timestamp="2024-09-13T13:23:34 IST" skipped="0">
  <testcase classname="WebElements.FileUpload" name="upload" time="2.045"/>
</testsuite> <!-- WebElements.FileUpload -->
