<?xml version="1.0" encoding="UTF-8"?>
<!-- Generated by org.testng.reporters.JUnitReportReporter -->
<testsuite hostname="Srimathy" failures="0" tests="1" name="WebElements.WebTableTYPES" time="10.398" errors="0" timestamp="2024-09-09T12:38:49 IST" skipped="0">
  <testcase classname="WebElements.WebTableTYPES" name="webtable" time="10.398"/>
</testsuite> <!-- WebElements.WebTableTYPES -->
