<?xml version="1.0" encoding="UTF-8"?>
<!-- Generated by org.testng.reporters.JUnitReportReporter -->
<testsuite hostname="Srimathy" failures="0" tests="1" name="WebElements.Slider" time="3.076" errors="0" timestamp="2024-09-10T13:16:31 IST" skipped="0">
  <testcase classname="WebElements.Slider" name="slide" time="3.076"/>
</testsuite> <!-- WebElements.Slider -->
