<?xml version="1.0" encoding="UTF-8"?>
<!-- Generated by org.testng.reporters.JUnitReportReporter -->
<testsuite hostname="Srimathy" failures="0" tests="3" name="TestNgSample1.TC1" time="8.103" errors="0" timestamp="2024-09-16T13:09:11 IST" skipped="0">
  <testcase classname="TestNgSample1.TC1" name="Openapp" time="4.690"/>
  <testcase classname="TestNgSample1.TC1" name="Login" time="3.204"/>
  <testcase classname="TestNgSample1.TC1" name="Closeapp" time="0.209"/>
</testsuite> <!-- TestNgSample1.TC1 -->
